android/app/build/intermediates/manifest_merge_blame_file/release/processReleaseMainManifest/manifest-merger-blame-release-report.txt
1<?xml version="1.0" encoding="utf-8"?>
2<manifest xmlns:android="http://schemas.android.com/apk/res/android"
3    package="com.example.yukaapp"
4    android:versionCode="1"
5    android:versionName="1.0.0" >
6
7    <uses-sdk
8        android:minSdkVersion="21"
9        android:targetSdkVersion="35" />
10
11    <uses-permission android:name="android.permission.CAMERA" />
11-->src/main/AndroidManifest.xml:2:5-64
11-->src/main/AndroidManifest.xml:2:22-62
12    <!--
13         Required to query activities that can process text, see:
14         https://developer.android.com/training/package-visibility and
15         https://developer.android.com/reference/android/content/Intent#ACTION_PROCESS_TEXT.
16
17         In particular, this is used by the Flutter engine in io.flutter.plugin.text.ProcessTextPlugin.
18    -->
19    <queries>
19-->src/main/AndroidManifest.xml:41:5-46:15
20        <intent>
20-->src/main/AndroidManifest.xml:42:9-45:18
21            <action android:name="android.intent.action.PROCESS_TEXT" />
21-->src/main/AndroidManifest.xml:43:13-72
21-->src/main/AndroidManifest.xml:43:21-70
22
23            <data android:mimeType="text/plain" />
23-->src/main/AndroidManifest.xml:44:13-50
23-->src/main/AndroidManifest.xml:44:19-48
24        </intent>
25    </queries>
26
27    <uses-feature android:name="android.hardware.camera" />
27-->[:simple_barcode_scanner] AndroidManifest.xml:9:5-60
27-->[:simple_barcode_scanner] AndroidManifest.xml:9:19-57
28
29    <uses-permission android:name="android.permission.FLASHLIGHT" />
29-->[:simple_barcode_scanner] AndroidManifest.xml:11:5-69
29-->[:simple_barcode_scanner] AndroidManifest.xml:11:22-66
30
31    <permission
31-->[androidx.core:core:1.13.1] AndroidManifest.xml:22:5-24:47
32        android:name="com.example.yukaapp.DYNAMIC_RECEIVER_NOT_EXPORTED_PERMISSION"
32-->[androidx.core:core:1.13.1] AndroidManifest.xml:23:9-81
33        android:protectionLevel="signature" />
33-->[androidx.core:core:1.13.1] AndroidManifest.xml:24:9-44
34
35    <uses-permission android:name="com.example.yukaapp.DYNAMIC_RECEIVER_NOT_EXPORTED_PERMISSION" /> <!-- Although the *SdkVersion is captured in gradle build files, this is required for non gradle builds -->
35-->[androidx.core:core:1.13.1] AndroidManifest.xml:26:5-97
35-->[androidx.core:core:1.13.1] AndroidManifest.xml:26:22-94
36    <!-- <uses-sdk android:minSdkVersion="14"/> -->
37    <uses-permission android:name="android.permission.ACCESS_NETWORK_STATE" />
37-->[com.google.android.datatransport:transport-backend-cct:2.3.3] AndroidManifest.xml:25:5-79
37-->[com.google.android.datatransport:transport-backend-cct:2.3.3] AndroidManifest.xml:25:22-76
38    <uses-permission android:name="android.permission.INTERNET" />
38-->[com.google.android.datatransport:transport-backend-cct:2.3.3] AndroidManifest.xml:26:5-67
38-->[com.google.android.datatransport:transport-backend-cct:2.3.3] AndroidManifest.xml:26:22-64
39
40    <application
41        android:name="android.app.Application"
41-->src/main/AndroidManifest.xml:6:9-42
42        android:appComponentFactory="androidx.core.app.CoreComponentFactory"
42-->[androidx.core:core:1.13.1] AndroidManifest.xml:28:18-86
43        android:extractNativeLibs="true"
44        android:icon="@mipmap/ic_launcher"
44-->src/main/AndroidManifest.xml:7:9-43
45        android:label="yukaapp"
45-->src/main/AndroidManifest.xml:5:9-32
46        android:largeHeap="true"
46-->[:simple_barcode_scanner] AndroidManifest.xml:14:9-33
47        android:theme="@style/Theme.AppCompat.NoActionBar" >
47-->[:simple_barcode_scanner] AndroidManifest.xml:15:9-59
48        <activity
48-->src/main/AndroidManifest.xml:8:9-29:20
49            android:name="com.example.yukaapp.MainActivity"
49-->src/main/AndroidManifest.xml:9:13-41
50            android:configChanges="orientation|keyboardHidden|keyboard|screenSize|smallestScreenSize|locale|layoutDirection|fontScale|screenLayout|density|uiMode"
50-->src/main/AndroidManifest.xml:14:13-163
51            android:exported="true"
51-->src/main/AndroidManifest.xml:10:13-36
52            android:hardwareAccelerated="true"
52-->src/main/AndroidManifest.xml:15:13-47
53            android:launchMode="singleTop"
53-->src/main/AndroidManifest.xml:11:13-43
54            android:taskAffinity=""
54-->src/main/AndroidManifest.xml:12:13-36
55            android:theme="@style/LaunchTheme"
55-->src/main/AndroidManifest.xml:13:13-47
56            android:windowSoftInputMode="adjustResize" >
56-->src/main/AndroidManifest.xml:16:13-55
57
58            <!--
59                 Specifies an Android theme to apply to this Activity as soon as
60                 the Android process has started. This theme is visible to the user
61                 while the Flutter UI initializes. After that, this theme continues
62                 to determine the Window background behind the Flutter UI.
63            -->
64            <meta-data
64-->src/main/AndroidManifest.xml:21:13-24:17
65                android:name="io.flutter.embedding.android.NormalTheme"
65-->src/main/AndroidManifest.xml:22:15-70
66                android:resource="@style/NormalTheme" />
66-->src/main/AndroidManifest.xml:23:15-52
67
68            <intent-filter>
68-->src/main/AndroidManifest.xml:25:13-28:29
69                <action android:name="android.intent.action.MAIN" />
69-->src/main/AndroidManifest.xml:26:17-68
69-->src/main/AndroidManifest.xml:26:25-66
70
71                <category android:name="android.intent.category.LAUNCHER" />
71-->src/main/AndroidManifest.xml:27:17-76
71-->src/main/AndroidManifest.xml:27:27-74
72            </intent-filter>
73        </activity>
74        <!--
75             Don't delete the meta-data below.
76             This is used by the Flutter tool to generate GeneratedPluginRegistrant.java
77        -->
78        <meta-data
78-->src/main/AndroidManifest.xml:32:9-34:33
79            android:name="flutterEmbedding"
79-->src/main/AndroidManifest.xml:33:13-44
80            android:value="2" />
80-->src/main/AndroidManifest.xml:34:13-30
81
82        <activity android:name="com.amolg.flutterbarcodescanner.BarcodeCaptureActivity" />
82-->[:simple_barcode_scanner] AndroidManifest.xml:16:9-91
82-->[:simple_barcode_scanner] AndroidManifest.xml:16:19-88
83        <!--
84        Service for holding metadata. Cannot be instantiated.
85        Metadata will be merged from other manifests.
86        -->
87        <service
87-->[androidx.camera:camera-core:1.3.1] AndroidManifest.xml:29:9-33:78
88            android:name="androidx.camera.core.impl.MetadataHolderService"
88-->[androidx.camera:camera-core:1.3.1] AndroidManifest.xml:30:13-75
89            android:enabled="false"
89-->[androidx.camera:camera-core:1.3.1] AndroidManifest.xml:31:13-36
90            android:exported="false" >
90-->[androidx.camera:camera-core:1.3.1] AndroidManifest.xml:32:13-37
91            <meta-data
91-->[androidx.camera:camera-camera2:1.3.1] AndroidManifest.xml:30:13-32:89
92                android:name="androidx.camera.core.impl.MetadataHolderService.DEFAULT_CONFIG_PROVIDER"
92-->[androidx.camera:camera-camera2:1.3.1] AndroidManifest.xml:31:17-103
93                android:value="androidx.camera.camera2.Camera2Config$DefaultProvider" />
93-->[androidx.camera:camera-camera2:1.3.1] AndroidManifest.xml:32:17-86
94        </service>
95        <service
95-->[com.google.android.gms:play-services-mlkit-barcode-scanning:18.3.0] AndroidManifest.xml:9:9-15:19
96            android:name="com.google.mlkit.common.internal.MlKitComponentDiscoveryService"
96-->[com.google.android.gms:play-services-mlkit-barcode-scanning:18.3.0] AndroidManifest.xml:10:13-91
97            android:directBootAware="true"
97-->[com.google.mlkit:common:18.9.0] AndroidManifest.xml:17:13-43
98            android:exported="false" >
98-->[com.google.android.gms:play-services-mlkit-barcode-scanning:18.3.0] AndroidManifest.xml:11:13-37
99            <meta-data
99-->[com.google.android.gms:play-services-mlkit-barcode-scanning:18.3.0] AndroidManifest.xml:12:13-14:85
100                android:name="com.google.firebase.components:com.google.mlkit.vision.barcode.internal.BarcodeRegistrar"
100-->[com.google.android.gms:play-services-mlkit-barcode-scanning:18.3.0] AndroidManifest.xml:13:17-120
101                android:value="com.google.firebase.components.ComponentRegistrar" />
101-->[com.google.android.gms:play-services-mlkit-barcode-scanning:18.3.0] AndroidManifest.xml:14:17-82
102            <meta-data
102-->[com.google.mlkit:vision-common:17.3.0] AndroidManifest.xml:12:13-14:85
103                android:name="com.google.firebase.components:com.google.mlkit.vision.common.internal.VisionCommonRegistrar"
103-->[com.google.mlkit:vision-common:17.3.0] AndroidManifest.xml:13:17-124
104                android:value="com.google.firebase.components.ComponentRegistrar" />
104-->[com.google.mlkit:vision-common:17.3.0] AndroidManifest.xml:14:17-82
105            <meta-data
105-->[com.google.mlkit:common:18.9.0] AndroidManifest.xml:20:13-22:85
106                android:name="com.google.firebase.components:com.google.mlkit.common.internal.CommonComponentRegistrar"
106-->[com.google.mlkit:common:18.9.0] AndroidManifest.xml:21:17-120
107                android:value="com.google.firebase.components.ComponentRegistrar" />
107-->[com.google.mlkit:common:18.9.0] AndroidManifest.xml:22:17-82
108        </service>
109
110        <provider
110-->[com.google.mlkit:common:18.9.0] AndroidManifest.xml:9:9-13:38
111            android:name="com.google.mlkit.common.internal.MlKitInitProvider"
111-->[com.google.mlkit:common:18.9.0] AndroidManifest.xml:10:13-78
112            android:authorities="com.example.yukaapp.mlkitinitprovider"
112-->[com.google.mlkit:common:18.9.0] AndroidManifest.xml:11:13-69
113            android:exported="false"
113-->[com.google.mlkit:common:18.9.0] AndroidManifest.xml:12:13-37
114            android:initOrder="99" />
114-->[com.google.mlkit:common:18.9.0] AndroidManifest.xml:13:13-35
115
116        <activity
116-->[com.google.android.gms:play-services-base:18.1.0] AndroidManifest.xml:20:9-22:45
117            android:name="com.google.android.gms.common.api.GoogleApiActivity"
117-->[com.google.android.gms:play-services-base:18.1.0] AndroidManifest.xml:20:19-85
118            android:exported="false"
118-->[com.google.android.gms:play-services-base:18.1.0] AndroidManifest.xml:22:19-43
119            android:theme="@android:style/Theme.Translucent.NoTitleBar" />
119-->[com.google.android.gms:play-services-base:18.1.0] AndroidManifest.xml:21:19-78
120
121        <meta-data
121-->[com.google.android.gms:play-services-basement:18.1.0] AndroidManifest.xml:21:9-23:69
122            android:name="com.google.android.gms.version"
122-->[com.google.android.gms:play-services-basement:18.1.0] AndroidManifest.xml:22:13-58
123            android:value="@integer/google_play_services_version" />
123-->[com.google.android.gms:play-services-basement:18.1.0] AndroidManifest.xml:23:13-66
124
125        <uses-library
125-->[androidx.window:window:1.2.0] AndroidManifest.xml:23:9-25:40
126            android:name="androidx.window.extensions"
126-->[androidx.window:window:1.2.0] AndroidManifest.xml:24:13-54
127            android:required="false" />
127-->[androidx.window:window:1.2.0] AndroidManifest.xml:25:13-37
128        <uses-library
128-->[androidx.window:window:1.2.0] AndroidManifest.xml:26:9-28:40
129            android:name="androidx.window.sidecar"
129-->[androidx.window:window:1.2.0] AndroidManifest.xml:27:13-51
130            android:required="false" />
130-->[androidx.window:window:1.2.0] AndroidManifest.xml:28:13-37
131
132        <provider
132-->[androidx.lifecycle:lifecycle-process:2.7.0] AndroidManifest.xml:24:9-32:20
133            android:name="androidx.startup.InitializationProvider"
133-->[androidx.lifecycle:lifecycle-process:2.7.0] AndroidManifest.xml:25:13-67
134            android:authorities="com.example.yukaapp.androidx-startup"
134-->[androidx.lifecycle:lifecycle-process:2.7.0] AndroidManifest.xml:26:13-68
135            android:exported="false" >
135-->[androidx.lifecycle:lifecycle-process:2.7.0] AndroidManifest.xml:27:13-37
136            <meta-data
136-->[androidx.lifecycle:lifecycle-process:2.7.0] AndroidManifest.xml:29:13-31:52
137                android:name="androidx.lifecycle.ProcessLifecycleInitializer"
137-->[androidx.lifecycle:lifecycle-process:2.7.0] AndroidManifest.xml:30:17-78
138                android:value="androidx.startup" />
138-->[androidx.lifecycle:lifecycle-process:2.7.0] AndroidManifest.xml:31:17-49
139            <meta-data
139-->[androidx.profileinstaller:profileinstaller:1.3.1] AndroidManifest.xml:29:13-31:52
140                android:name="androidx.profileinstaller.ProfileInstallerInitializer"
140-->[androidx.profileinstaller:profileinstaller:1.3.1] AndroidManifest.xml:30:17-85
141                android:value="androidx.startup" />
141-->[androidx.profileinstaller:profileinstaller:1.3.1] AndroidManifest.xml:31:17-49
142        </provider>
143
144        <receiver
144-->[androidx.profileinstaller:profileinstaller:1.3.1] AndroidManifest.xml:34:9-52:20
145            android:name="androidx.profileinstaller.ProfileInstallReceiver"
145-->[androidx.profileinstaller:profileinstaller:1.3.1] AndroidManifest.xml:35:13-76
146            android:directBootAware="false"
146-->[androidx.profileinstaller:profileinstaller:1.3.1] AndroidManifest.xml:36:13-44
147            android:enabled="true"
147-->[androidx.profileinstaller:profileinstaller:1.3.1] AndroidManifest.xml:37:13-35
148            android:exported="true"
148-->[androidx.profileinstaller:profileinstaller:1.3.1] AndroidManifest.xml:38:13-36
149            android:permission="android.permission.DUMP" >
149-->[androidx.profileinstaller:profileinstaller:1.3.1] AndroidManifest.xml:39:13-57
150            <intent-filter>
150-->[androidx.profileinstaller:profileinstaller:1.3.1] AndroidManifest.xml:40:13-42:29
151                <action android:name="androidx.profileinstaller.action.INSTALL_PROFILE" />
151-->[androidx.profileinstaller:profileinstaller:1.3.1] AndroidManifest.xml:41:17-91
151-->[androidx.profileinstaller:profileinstaller:1.3.1] AndroidManifest.xml:41:25-88
152            </intent-filter>
153            <intent-filter>
153-->[androidx.profileinstaller:profileinstaller:1.3.1] AndroidManifest.xml:43:13-45:29
154                <action android:name="androidx.profileinstaller.action.SKIP_FILE" />
154-->[androidx.profileinstaller:profileinstaller:1.3.1] AndroidManifest.xml:44:17-85
154-->[androidx.profileinstaller:profileinstaller:1.3.1] AndroidManifest.xml:44:25-82
155            </intent-filter>
156            <intent-filter>
156-->[androidx.profileinstaller:profileinstaller:1.3.1] AndroidManifest.xml:46:13-48:29
157                <action android:name="androidx.profileinstaller.action.SAVE_PROFILE" />
157-->[androidx.profileinstaller:profileinstaller:1.3.1] AndroidManifest.xml:47:17-88
157-->[androidx.profileinstaller:profileinstaller:1.3.1] AndroidManifest.xml:47:25-85
158            </intent-filter>
159            <intent-filter>
159-->[androidx.profileinstaller:profileinstaller:1.3.1] AndroidManifest.xml:49:13-51:29
160                <action android:name="androidx.profileinstaller.action.BENCHMARK_OPERATION" />
160-->[androidx.profileinstaller:profileinstaller:1.3.1] AndroidManifest.xml:50:17-95
160-->[androidx.profileinstaller:profileinstaller:1.3.1] AndroidManifest.xml:50:25-92
161            </intent-filter>
162        </receiver>
163
164        <service
164-->[com.google.android.datatransport:transport-backend-cct:2.3.3] AndroidManifest.xml:29:9-35:19
165            android:name="com.google.android.datatransport.runtime.backends.TransportBackendDiscovery"
165-->[com.google.android.datatransport:transport-backend-cct:2.3.3] AndroidManifest.xml:30:13-103
166            android:exported="false" >
166-->[com.google.android.datatransport:transport-backend-cct:2.3.3] AndroidManifest.xml:31:13-37
167            <meta-data
167-->[com.google.android.datatransport:transport-backend-cct:2.3.3] AndroidManifest.xml:32:13-34:39
168                android:name="backend:com.google.android.datatransport.cct.CctBackendFactory"
168-->[com.google.android.datatransport:transport-backend-cct:2.3.3] AndroidManifest.xml:33:17-94
169                android:value="cct" />
169-->[com.google.android.datatransport:transport-backend-cct:2.3.3] AndroidManifest.xml:34:17-36
170        </service>
171        <service
171-->[com.google.android.datatransport:transport-runtime:2.2.6] AndroidManifest.xml:26:9-30:19
172            android:name="com.google.android.datatransport.runtime.scheduling.jobscheduling.JobInfoSchedulerService"
172-->[com.google.android.datatransport:transport-runtime:2.2.6] AndroidManifest.xml:27:13-117
173            android:exported="false"
173-->[com.google.android.datatransport:transport-runtime:2.2.6] AndroidManifest.xml:28:13-37
174            android:permission="android.permission.BIND_JOB_SERVICE" >
174-->[com.google.android.datatransport:transport-runtime:2.2.6] AndroidManifest.xml:29:13-69
175        </service>
176
177        <receiver
177-->[com.google.android.datatransport:transport-runtime:2.2.6] AndroidManifest.xml:32:9-34:40
178            android:name="com.google.android.datatransport.runtime.scheduling.jobscheduling.AlarmManagerSchedulerBroadcastReceiver"
178-->[com.google.android.datatransport:transport-runtime:2.2.6] AndroidManifest.xml:33:13-132
179            android:exported="false" />
179-->[com.google.android.datatransport:transport-runtime:2.2.6] AndroidManifest.xml:34:13-37
180    </application>
181
182</manifest>